2024-01-03 10:05:05,762 DEBUG    root            Loaded Command Group: ['gcloud', 'config']
2024-01-03 10:05:05,764 DEBUG    root            Loaded Command Group: ['gcloud', 'config', 'config_helper']
2024-01-03 10:05:05,766 DEBUG    root            Running [gcloud.config.config-helper] with arguments: [--format: "json"]
2024-01-03 10:05:05,780 DEBUG    root            Chosen display Format:default json
2024-01-03 10:05:05,780 INFO     root            Display format: "default json"
2024-01-03 10:05:05,781 INFO     ___FILE_ONLY___ {
  "configuration": {
    "active_configuration": "default",
    "properties": {
      "compute": {
        "region": "europe-west2"
      },
      "core": {
        "account": "playpen-922939-consumer-sa@playpen-922939.iam.gserviceaccount.com",
        "disable_usage_reporting": "True",
        "project": "playpen-922939"
      },
      "dataproc": {
        "region": "europe-west2"
      }
    }
  },
  "credential": {
    "access_token": "ya29.c.c0AY_VpZj0JUBTDgBSd_po5hdYVWDRvRbBAXbIvllixh1rodJTK7v_SEKclCKJoEdVXU9sbDVutS287Qtbp9xpgEket8D3nUPigHmY72kuxL1-wJAVKpbKEKyD2ZqYznUjDrmNj30CF_eNsnKHV26cWmUn4QbsVa8qSM6cTd1r7afpUgosctthKTB3EVo7L-DETpSHWJ7wiHIRtB__nPaiH07LDFu8ssgPGLlk2v98Cy43ilSi3MLqn3OJew9BCvBQeq0ZjrZwVOXUPf6K-XX5IStJUwRn9ft2ydFf6pJU5-cN42s14Tana-r9oc9XeQvO9gcMxjRNTqnbNWg1epSUkANLHKOi4StoWCGcOkIzQgqEyYgRDkh_TTuwtfngcAG391C3hemxQ9rYgS0m78W0rUa4B3B8uqaXzI_5zWUX_5z89dhklih6OnxQh71IyViujekJOsgMqXOWXoX6zht4SvFayZa1OWrjaFUQh0ji9cR4Bt_FY07dbw15ku2d3bqVVoYyF8JQc6nmblO55m18f_OWX5iqx2Xzcakmio3VtIXy4ymuo5eoaBeMa_-UtRX5MpdvrYoY6gwU8_42948e914peUyWjS-rlcpdSs5gsli-Im-d5M_yjb8fOiRoIh834-pYVfk7WSYM1JXnBrwlVbl1pQ5W8Yv2h-heglyM9pqjUcgpxqmMU6wRIJOqYXRq9mi-QQRO03m1tptJ_Os0ZtdBxshUtw47th4hViYx2X9_q0MxV70eQgS799wBrleY74ytUheddlJdFlpfcn9ObnFe7BhQ3MOZSzqqhk80kkuqg1BmSWygYVruzvJFYkkwQwIdniu9nS-WItot-25mJB1qMxMj9RaxUnOnJ8ed3v8nZBeSjzRUef4Wqc7vRi5lz5WwowFiSR-9tyMqk4RnyUz_9k7O7uVQxQs5e4zQQeUckQgV4uty-Y09nude6lpVjxY_6lr8tiV2U-e5Qf6aZoJVwrXp-M7yXukFh1Y9W0bw48VYXcJxnIw",
    "id_token": "eyJhbGciOiJSUzI1NiIsImtpZCI6IjkxNDEzY2Y0ZmEwY2I5MmEzYzNmNWEwNTQ1MDkxMzJjNDc2NjA5MzciLCJ0eXAiOiJKV1QifQ.eyJhdWQiOiIzMjU1NTk0MDU1OS5hcHBzLmdvb2dsZXVzZXJjb250ZW50LmNvbSIsImF6cCI6IjEwMDEzMDY3Mjg4MDcwNTIxMTc2NiIsImV4cCI6MTcwNDI3ODg2NSwiaWF0IjoxNzA0Mjc1MjY1LCJpc3MiOiJodHRwczovL2FjY291bnRzLmdvb2dsZS5jb20iLCJzdWIiOiIxMDAxMzA2NzI4ODA3MDUyMTE3NjYifQ.flLIu6cBqBq9wgXD3cyvSK6Y9CSI4OxKSeSGqzkSSB0AxjaI6gbd0d8X56azSKIjGKpUjUAVWxeDoVQ_7dyJQzLIQqJi7i8a1QpoVzcNGEVYhL5K9JfppITpBDcSObbsUDM7n_4v6vAsxhb_AasBB2KcnIK7WWm4bEMYOn8UUIzPglJT5LP5FmZ-gNDMHtAGv_X_mTlyaSIIJh9SD6bkuri4FHHQoYM590vdT6__8iDJji78NeO7wg4tJBl2WpnN0Fvk-PyFWXKIpLPM_vEmx8KamgeR-kQ7qFckqVIZgn8AM27QPxVJMBAtGr7_LeXjKlP-rbsfQzd1l8NgyV6RKw",
    "token_expiry": "2024-01-03T10:47:28Z"
  },
  "sentinels": {
    "config_sentinel": "/home/jupyter/.config/gcloud/config_sentinel"
  }
}
2024-01-03 10:05:05,781 INFO     ___FILE_ONLY___ 

2024-01-03 10:05:05,781 DEBUG    root            SDK update checks are disabled.
