2024-01-03 10:47:29,919 DEBUG    root            Loaded Command Group: ['gcloud', 'config']
2024-01-03 10:47:29,923 DEBUG    root            Loaded Command Group: ['gcloud', 'config', 'config_helper']
2024-01-03 10:47:29,929 DEBUG    root            Running [gcloud.config.config-helper] with arguments: [--format: "json"]
2024-01-03 10:47:29,956 DEBUG    root            Chosen display Format:default json
2024-01-03 10:47:29,957 INFO     root            Display format: "default json"
2024-01-03 10:47:29,958 INFO     ___FILE_ONLY___ {
  "configuration": {
    "active_configuration": "default",
    "properties": {
      "compute": {
        "region": "europe-west2"
      },
      "core": {
        "account": "playpen-922939-consumer-sa@playpen-922939.iam.gserviceaccount.com",
        "disable_usage_reporting": "True",
        "project": "playpen-922939"
      },
      "dataproc": {
        "region": "europe-west2"
      }
    }
  },
  "credential": {
    "access_token": "ya29.c.c0AY_VpZhFbBNIvx1m50lorV0SP5APXMMq_jt-_cULky8Y760O7BWHkTP2jnClugWp6SBpt0_uRItj3PUPoHw0cIjbG4RuC6YqNha8nTuimSvJcHjm5bfKEnBh3hETeb1IhoOYZSSTQ5R-gmm1OxMjVO_YrE_kY4GyR5CD-QytZucUmbwGOVtSN3UX9P-McNrkfyacj6spYzc6QOY5jUfq-ETvo9wba-4d3F-qpkooPYLU8OM_o6HhNAhOM1T7wLZzPffZ717JsTD8BHl7Xs4GQG01cUyHFkA-bNIjHBths7BU0VjdQyZC1IhfYcQvei0dbJ-_GfUTUAhzD2tzH1G6LCmN3IwhO_kyA3c6vRj-5HcuaAYQ4fMa_zuzI1TXT389K2R7IBUBJl6VeFQ5lsYQSS_br0Xo1udxgI7tptoOs1b578XYy8jFrRVZ1X7i8cbmsgz2cii69-lIIJbkyg06rsq2FuQeqmdIldeFZhpSO_rOhQSkQVoJa90sWyuyb9hYRlfhqYBUuqehXr-phcIa4IS06YixtBlYi8_MhkZSWu8gnm0Iy--9sriWUZl9tFzivuwwrM1z3wmVoa29pZuva1389v_33_2gpSridmcB15e4icwyjo7nd9z9ImWY8VWZq2R8SjI22581i2UsORlUbX1J7M57lb1rnpSZhRJlQuyMnOIRqOe6g61mcn4ucjJJmMSS7nzSYRkFfQ0jkjgkftf_B5djO9X4b6powIamRu2stWsBk0a1yo6q9dss3MR1yxz0BB-h1etf7JtgQnmI__8kho0feRRxkSeUcijdS_yyfr7W_Mp5hXuIudfmt06RQduwmsbX_rVQ_tljkIo8SOIaa8Omj-159B8sWg38SFl6_g6Us47rQmmealx2zZg382ZM4k87z9SnBwd2QwkVkh6QdpSVxbwxMFJWloIqbM8Ujh59I0uyot3gsBo-Jiy4FvqQtIM0-0MIIo2zXI9RlOsuzwRg14ouyYvJaRFRlFf4o22ls-bYxgb",
    "id_token": "eyJhbGciOiJSUzI1NiIsImtpZCI6IjkxNDEzY2Y0ZmEwY2I5MmEzYzNmNWEwNTQ1MDkxMzJjNDc2NjA5MzciLCJ0eXAiOiJKV1QifQ.eyJhdWQiOiIzMjU1NTk0MDU1OS5hcHBzLmdvb2dsZXVzZXJjb250ZW50LmNvbSIsImF6cCI6IjEwMDEzMDY3Mjg4MDcwNTIxMTc2NiIsImV4cCI6MTcwNDI4MjI3NCwiaWF0IjoxNzA0Mjc4Njc0LCJpc3MiOiJodHRwczovL2FjY291bnRzLmdvb2dsZS5jb20iLCJzdWIiOiIxMDAxMzA2NzI4ODA3MDUyMTE3NjYifQ.htE_row97mJIoOenC1S7Z887I9NYhP3nyBx1w4xtCoDi5aAVmiitcu55DA5Yxku6dI0y3SH9POx-u_k1CCcZzP3o8WKdvjxmubeI5c7EBpFBvoUaCIojcnQTJd-HfMDB8XrwbH-6nrBVk4M69rRcBXolLzSOf34e27TRQYXcKCC-ecVUxlVqhbsraUueXTVVhG1f1wZAGoNSCoByUzv9AVriwQLs1xIZ3BsxWAvDAcWxqfUw1B8PAGIG3FkqwAKy1Wl0ILqszzesZz2AunEzz7ADcFQr7DcUoSO8KWlDVL9cb52cpFvtHGAzYVKwwMLvANiaZeU5TjFeu4KFRS6HBQ",
    "token_expiry": "2024-01-03T11:21:20Z"
  },
  "sentinels": {
    "config_sentinel": "/home/jupyter/.config/gcloud/config_sentinel"
  }
}
2024-01-03 10:47:29,959 INFO     ___FILE_ONLY___ 

2024-01-03 10:47:29,959 DEBUG    root            SDK update checks are disabled.
