2024-01-03 16:20:51,709 DEBUG    root            Loaded Command Group: ['gcloud', 'config']
2024-01-03 16:20:51,711 DEBUG    root            Loaded Command Group: ['gcloud', 'config', 'config_helper']
2024-01-03 16:20:51,714 DEBUG    root            Running [gcloud.config.config-helper] with arguments: [--format: "json"]
2024-01-03 16:20:51,727 DEBUG    root            Chosen display Format:default json
2024-01-03 16:20:51,727 INFO     root            Display format: "default json"
2024-01-03 16:20:51,728 INFO     ___FILE_ONLY___ {
  "configuration": {
    "active_configuration": "default",
    "properties": {
      "compute": {
        "region": "europe-west2"
      },
      "core": {
        "account": "playpen-922939-consumer-sa@playpen-922939.iam.gserviceaccount.com",
        "disable_usage_reporting": "True",
        "project": "playpen-922939"
      },
      "dataproc": {
        "region": "europe-west2"
      }
    }
  },
  "credential": {
    "access_token": "ya29.c.c0AY_VpZgjlORTxkeE5VrQ9p7FSnmLQUMR6MdcHyPj35G2vHgVYTpKFmvytpeHY65WNb5LJTWIt0iFNNC1r1Fc5sY5E3wJj1p52NNwrygClZQONicZB0_hETMPQQCWHT-gN5CnUSYXz8wz-6jWPfarTm-0UMMSl8Nj6t8WYvPPhywqiVcmoeY7zCayNIhxqDbvEo-LXW8_dvEwdGu8-pPVVxLzrAcI9WnuNY76dyAKNxmsprRn2YiP8rNDo0OeohTzQm88vP7UL3UlzfJlZVQy0zRDbApE1k_H6M_vE_k6y1E7hQgraCohdY4BrcDc3uMN6ypgISz2XV6FI0CBC-7XZE0_HtXlRtaDUZ3qu-2LGr7K3KAQl6ZWbz19yr83E389AzwrRJ9JyIcIa8kw6_lJ2-yc2gIRzbe4-7d8sQFkIU5jVyWjJo1Fg5hwrk2c-FqOtf79Iuy-l5sjz5qlM2h5ahBRcJ8RtjZjkgm15nxRM6l5lwQU0ao6IgVJhJrnn2t1pfe4p57BorJqnvgYkVSqItXe--O6oMutRYgn86n-kcbezQ7_pWbjUyflm0lJX2VIzuvjUoiU62_lZtlcJO9nzYw5ts6OjBm1yMSvIqMeIq3_JOv8FU71XgstOng66_dlOgebrb-ue573yot1rQXnej3OUojrMw4p0sM-mFU4Sj7hqwRIqr1bbo0qqz5swI1RgFtsmoJqr8iS2t1iIYuf4d-MmM9bvVq-SUyB3zj94FSvSrr5f5Rctt7ZQO5hXdVprJbQRZc4paqoFk2SBhXv3BWaZh5alSau_vpgfSUb-wocjwd3Fo6XIYwfVY5fU2vI5dy47Fm7_tFvtojpXS0mxa5p2iZn8YFMromsJdROgxwShuSc2OmY6Yk1Xb0R8XBVOzuhWM8Sbtbbkjr1Mw-ya7zmOaMR-ekbxzxQpcFJsfWnnj45WItSpQ5fpF-4ZVng7ydvJ0m5fXolh7kJFuuBk5cjvcwypwuQ_kZBIQtSxlyag2QopdwFI_s",
    "id_token": "eyJhbGciOiJSUzI1NiIsImtpZCI6IjkxNDEzY2Y0ZmEwY2I5MmEzYzNmNWEwNTQ1MDkxMzJjNDc2NjA5MzciLCJ0eXAiOiJKV1QifQ.eyJhdWQiOiIzMjU1NTk0MDU1OS5hcHBzLmdvb2dsZXVzZXJjb250ZW50LmNvbSIsImF6cCI6IjEwMDEzMDY3Mjg4MDcwNTIxMTc2NiIsImV4cCI6MTcwNDI5OTkyMiwiaWF0IjoxNzA0Mjk2MzIyLCJpc3MiOiJodHRwczovL2FjY291bnRzLmdvb2dsZS5jb20iLCJzdWIiOiIxMDAxMzA2NzI4ODA3MDUyMTE3NjYifQ.ZJ0OjPNqqndO9PtcxjkJAjh5Z6UzGOvXhMD6mwOPqfRRCxf_JHHi2oNZZHHmpYR5NgsBGZFuzGJ960_36Kg6n65rCZ8vPm12c7HgSeIzRs89i_JjLjGAwizAeMsSqE2MbRcpRURTSGen9YEZwvykR3bHUppbZrmjZ9uu3nImI37Zp606lFxC2eYS-vnPcQdG2s1vT9ty6PIw8wQp0MgDkK69buVoAnZopuatF8nG3hnXpasUOCAxi0-Q5sRvZmGQqP3KmJDu7RUQin9y1cMSgKz25bvB1okXqiCRibP1WK_DvKeJmyIlMc81gljQSOGcy4Xkxe9FBFtMp-tAZqRYSw",
    "token_expiry": "2024-01-03T16:38:30Z"
  },
  "sentinels": {
    "config_sentinel": "/home/jupyter/.config/gcloud/config_sentinel"
  }
}
2024-01-03 16:20:51,728 INFO     ___FILE_ONLY___ 

2024-01-03 16:20:51,728 DEBUG    root            SDK update checks are disabled.
