2024-01-03 16:37:35,827 DEBUG    root            Loaded Command Group: ['gcloud', 'config']
2024-01-03 16:37:35,829 DEBUG    root            Loaded Command Group: ['gcloud', 'config', 'config_helper']
2024-01-03 16:37:35,831 DEBUG    root            Running [gcloud.config.config-helper] with arguments: [--format: "json"]
2024-01-03 16:37:35,855 DEBUG    google.auth.transport.requests Making request: GET http://metadata.google.internal/computeMetadata/v1/instance/service-accounts/playpen-922939-consumer-sa@playpen-922939.iam.gserviceaccount.com/?recursive=true
2024-01-03 16:37:35,858 DEBUG    urllib3.connectionpool Starting new HTTP connection (1): metadata.google.internal:80
2024-01-03 16:37:35,859 DEBUG    urllib3.connectionpool http://metadata.google.internal:80 "GET /computeMetadata/v1/instance/service-accounts/playpen-922939-consumer-sa@playpen-922939.iam.gserviceaccount.com/?recursive=true HTTP/1.1" 200 155
2024-01-03 16:37:35,860 DEBUG    google.auth.transport.requests Making request: GET http://metadata.google.internal/computeMetadata/v1/instance/service-accounts/playpen-922939-consumer-sa@playpen-922939.iam.gserviceaccount.com/token
2024-01-03 16:37:35,862 DEBUG    urllib3.connectionpool http://metadata.google.internal:80 "GET /computeMetadata/v1/instance/service-accounts/playpen-922939-consumer-sa@playpen-922939.iam.gserviceaccount.com/token HTTP/1.1" 200 869
2024-01-03 16:37:35,874 DEBUG    root            Chosen display Format:default json
2024-01-03 16:37:35,874 INFO     root            Display format: "default json"
2024-01-03 16:37:35,875 INFO     ___FILE_ONLY___ {
  "configuration": {
    "active_configuration": "default",
    "properties": {
      "compute": {
        "region": "europe-west2"
      },
      "core": {
        "account": "playpen-922939-consumer-sa@playpen-922939.iam.gserviceaccount.com",
        "disable_usage_reporting": "True",
        "project": "playpen-922939"
      },
      "dataproc": {
        "region": "europe-west2"
      }
    }
  },
  "credential": {
    "access_token": "ya29.c.c0AY_VpZhfqK9-XtMDpJUitwRLyixNEA-k-JfPfySTJFigLJgX__dBcZHQ_PsTcsR7u6l2GkDV9Fxwalcz5lWCnRUb6mroHP8-yxot1wVmqwatXVLP27_wQz8zSndG7RxvUcstRhe3Bd8N2afM8wXtzfBGOqw2CZz815_UMXMrefJgudvEr6NLNxBTAdsizmvN_4j-g0ukTApAGUqydbKFBTqjgbNz4yXTCcxpAP9JaUj0yEMHwkaQi1bznTwbXSuvH1LLPSH7I7jtiz6CcTfChVwlnlxdRDqOhk5eYblUesMAjBTsget1N8MKo1wLM7GmZN4cpouTwiHALZEo0qy4FqlnIa4pZxD_o9fv1ke_ryXCuLQNNn2Nbp5PTeS8yAT391Pt3_WZrXpV8h7xen16cjpgIY4X8ncJ2wiI2tceV3jfmuFgnJc1Bltty6yxwwp8d0juUoUJJXn_Mx-XRzxfQ4aQ5OQ7lwuk9QaWFx7FcBjJnSety6atbgZ30nJxalr15RcYZSFdiXvm007F_R6lwtQx-g3hkOWYm_45d8UlBd_uhiuQ8vq48RIy4SwZrzrYo5_zb6Z0wMQmapn21S3QlwoyvO41ti15J63ueh5hxIFuhXbnOJbgSQz1VlSrddvz5IwBarZqXUounjhytqdSgU-hscBxe8vy2vIBi5ufIiUYQQQmfI6efgMjypJ4Zoywoqw_qrQ3-x9qmexgJxu8a8cYB-8el_qbr0SpWd_wXWzUgc9Y0ZgosyB20cBgxxuI3u0Fa2F9MWOn9QFdVB_pbIBI9wbsiO09F-XMgc1X0m1hBkdFOUeOlonUmg_M85RxSQtSB9YXZtOp-cxuBUn_Ri4qtWlj_Fb0uiRk-ln9sbuI59Ov-bkQghepQeX2Yufn7is7rj_Z1nxRQ_gff7pU7c1dpMRtat7njmJk_ilMgjpuloZFsqwwtysXOFgocq8xnVYMld1FtWe96R03UeOlrqky8Omutv5d4dO5oYcUY_exI9UuV0tSiSk",
    "id_token": "eyJhbGciOiJSUzI1NiIsImtpZCI6IjkxNDEzY2Y0ZmEwY2I5MmEzYzNmNWEwNTQ1MDkxMzJjNDc2NjA5MzciLCJ0eXAiOiJKV1QifQ.eyJhdWQiOiIzMjU1NTk0MDU1OS5hcHBzLmdvb2dsZXVzZXJjb250ZW50LmNvbSIsImF6cCI6IjEwMDEzMDY3Mjg4MDcwNTIxMTc2NiIsImV4cCI6MTcwNDMwMzQ1NSwiaWF0IjoxNzA0Mjk5ODU1LCJpc3MiOiJodHRwczovL2FjY291bnRzLmdvb2dsZS5jb20iLCJzdWIiOiIxMDAxMzA2NzI4ODA3MDUyMTE3NjYifQ.XIPvXqMWMpRZCPfZda44w8EJ_oh3g2MFWvFPS3u3YogQi4QWa8PhLwAJ_CnqKubsob1H0vdPZis74iFm7niCTY31apzNbxFNqs5m_9XAr4gO_NqkZflAb74I_3iQpRU2JLLciuoaQ6E8GD_FltNbkNR5HQwtB36m3-3FJT6nO7zoY9kqoVmHCCaTR6nMjNaBi3PWBiPS6o8RZMEgiyvViWHb-9JzS7v6fdmYnf5ZvH1TusAATkg7ZdbqGhpbQmar0a5o_yAQoQivowYZE_8kVhr2kBD2tn3VfgJfkIFwXjdVggFbnAMHOb00YrP5oGicTi67Ly1dkLYNsah7MBGzhg",
    "token_expiry": "2024-01-03T17:11:44Z"
  },
  "sentinels": {
    "config_sentinel": "/home/jupyter/.config/gcloud/config_sentinel"
  }
}
2024-01-03 16:37:35,875 INFO     ___FILE_ONLY___ 

2024-01-03 16:37:35,875 DEBUG    root            SDK update checks are disabled.
