2024-01-08 11:42:18,250 DEBUG    root            Loaded Command Group: ['gcloud', 'config']
2024-01-08 11:42:18,252 DEBUG    root            Loaded Command Group: ['gcloud', 'config', 'config_helper']
2024-01-08 11:42:18,255 DEBUG    root            Running [gcloud.config.config-helper] with arguments: [--format: "json"]
2024-01-08 11:42:18,270 DEBUG    root            Chosen display Format:default json
2024-01-08 11:42:18,271 INFO     root            Display format: "default json"
2024-01-08 11:42:18,271 INFO     ___FILE_ONLY___ {
  "configuration": {
    "active_configuration": "default",
    "properties": {
      "compute": {
        "region": "europe-west2"
      },
      "core": {
        "account": "playpen-922939-consumer-sa@playpen-922939.iam.gserviceaccount.com",
        "disable_usage_reporting": "True",
        "project": "playpen-922939"
      },
      "dataproc": {
        "region": "europe-west2"
      }
    }
  },
  "credential": {
    "access_token": "ya29.c.c0AY_VpZiDIN8lvBD_mJIyW6xH_2teNIpd_Yq1LDPYOiHOOCazpmwDnw3a4hrrPRFgI-cfr1J224GZ4FffB8jZ6IUWNQINesmsAp31tMIdpMuovMSJEflib_xSO2XetodumEL66SXC7Xznx3AMhN6lksxSngarh2lxnzaZEhwgIxmFZerB3_YxwNQOzBQNuSrR6_IQQx0W3O2B-LQHvts657N27zvHus_mpa7i7gnxzea8SPJxlVLzrd9LiFmnhTDWm2K_iAAVF5LRiBc0-w9z9CACboAEdai-LoVz4pHrU01dw28r-VFTurQhThjSY3pZqNQD5XmS3WF2HbzcCu0CFX69F_UT50-tt4_uct_MZS5Z62BzsG01ncsAClyLNsUG392PBlwcOcJZ1Yk2493X_Sfg5Y1r67W4MJtOnyc6vxlYBMOrbUV6907dqepIhje-9O-JoU7UvhQh4njhwlprObqein9ew5VvzUzJM3524ZOttM_hIujqQYOQdm-4r0bZOgZzvpdQ-k7pBI1xJaY7OwIdyfFU36-tYkIeOwc1cF98z0nJsdzisJaFWghieb547cUjM3ky2F_Sj2MwQh6e8ejrl_24rXqR0lma869-i-I1lJ5o_IFwZxaqqZq0nV1cZ1b0WJRcaSyn44y14cWIOliR_ttYhvW6048qaYf23z067xVog63QYao9_slqeih8mJk698XO9xB68x8B9ixjeXrm00uBO4U2rJnwIbIIY3ag9ZwjijImnRbulbxkZZqRdxMqcqt9x8F57ren9lkcXOVw4b8nvx-yOr9hg_SMlvOej_Yyw2Qqby8Md4aZmhdajVoRuJayZf8n4R7fuJXdhkpR8wu42w_-apF8Sy5-hs2O5Xsf5bU_WUf3u9OSRoctzQf6cb2xyaY7Rseefegj3g64WIWd5RVy6zi0iMbMqlW4S9Q25j3BmmFzM4nQZxySFmMpZlxQWdJyXlqtmSOZQ7qd0fZJMaSnObYbYn9ot41xrxjSBcbtQfs",
    "id_token": "eyJhbGciOiJSUzI1NiIsImtpZCI6IjkxNDEzY2Y0ZmEwY2I5MmEzYzNmNWEwNTQ1MDkxMzJjNDc2NjA5MzciLCJ0eXAiOiJKV1QifQ.eyJhdWQiOiIzMjU1NTk0MDU1OS5hcHBzLmdvb2dsZXVzZXJjb250ZW50LmNvbSIsImF6cCI6IjEwMDEzMDY3Mjg4MDcwNTIxMTc2NiIsImV4cCI6MTcwNDcxNjE4NywiaWF0IjoxNzA0NzEyNTg3LCJpc3MiOiJodHRwczovL2FjY291bnRzLmdvb2dsZS5jb20iLCJzdWIiOiIxMDAxMzA2NzI4ODA3MDUyMTE3NjYifQ.blMabNb3yNzPmlzQq0TwBz0Trf1yOw4pSdSq-9lzMDELkaTWFFZ7EdWv4kfD-84P3uzLy12CrDCCi3A4Wpm3TOYYvdV-Ws0UZPydKHDE5zG5dEHPPE_ZoMn3NrXnjy0AtqiQu9PZz2G0VjTA3V0V8ym8_vQVVL8fuiJ0oNHJbsqBjIb7dj9Q18z1YMSs2GhjCmVcaN9LKCToqhoYQ2Ntn3FJIrBmEw3Gg2IyDVkIs7ejAKFhf89HR2IoA6mwoNmH_N6zUYdCOQ4VGKdesPhtyn6Ets2H0gXOAMILyYyd0WBieToDJeQF2sYRyMsL1TUSH7gpZtbFyrZ4eexTHegJXA",
    "token_expiry": "2024-01-08T11:52:38Z"
  },
  "sentinels": {
    "config_sentinel": "/home/jupyter/.config/gcloud/config_sentinel"
  }
}
2024-01-08 11:42:18,272 INFO     ___FILE_ONLY___ 

2024-01-08 11:42:18,272 DEBUG    root            SDK update checks are disabled.
