2024-01-08 13:55:05,191 DEBUG    root            Loaded Command Group: ['gcloud', 'config']
2024-01-08 13:55:05,193 DEBUG    root            Loaded Command Group: ['gcloud', 'config', 'config_helper']
2024-01-08 13:55:05,196 DEBUG    root            Running [gcloud.config.config-helper] with arguments: [--format: "json"]
2024-01-08 13:55:05,225 DEBUG    google.auth.transport.requests Making request: GET http://metadata.google.internal/computeMetadata/v1/instance/service-accounts/playpen-922939-consumer-sa@playpen-922939.iam.gserviceaccount.com/?recursive=true
2024-01-08 13:55:05,229 DEBUG    urllib3.connectionpool Starting new HTTP connection (1): metadata.google.internal:80
2024-01-08 13:55:05,231 DEBUG    urllib3.connectionpool http://metadata.google.internal:80 "GET /computeMetadata/v1/instance/service-accounts/playpen-922939-consumer-sa@playpen-922939.iam.gserviceaccount.com/?recursive=true HTTP/1.1" 200 155
2024-01-08 13:55:05,232 DEBUG    google.auth.transport.requests Making request: GET http://metadata.google.internal/computeMetadata/v1/instance/service-accounts/playpen-922939-consumer-sa@playpen-922939.iam.gserviceaccount.com/token
2024-01-08 13:55:05,235 DEBUG    urllib3.connectionpool http://metadata.google.internal:80 "GET /computeMetadata/v1/instance/service-accounts/playpen-922939-consumer-sa@playpen-922939.iam.gserviceaccount.com/token HTTP/1.1" 200 867
2024-01-08 13:55:05,253 DEBUG    root            Chosen display Format:default json
2024-01-08 13:55:05,254 INFO     root            Display format: "default json"
2024-01-08 13:55:05,254 INFO     ___FILE_ONLY___ {
  "configuration": {
    "active_configuration": "default",
    "properties": {
      "compute": {
        "region": "europe-west2"
      },
      "core": {
        "account": "playpen-922939-consumer-sa@playpen-922939.iam.gserviceaccount.com",
        "disable_usage_reporting": "True",
        "project": "playpen-922939"
      },
      "dataproc": {
        "region": "europe-west2"
      }
    }
  },
  "credential": {
    "access_token": "ya29.c.c0AY_VpZip5Ji28HSB1wQ4bhX8Y7YxMRsXKsZrezf7h6dxUEE70J2OwQzKNwAFFsi0HEnZX01FYCO-fgc35sB8t5Djw3JVehuWf0KpyY_k3DmYPMqQJ6OhZfae7duhx13Fs3sezu-5p3IdFijxvAMBXsAVZaXXtxiHLXAgek6Fjul8zvwJtjTngceiwUYAAxCyhRdvxNjtzufVoW4I1_jBBnZDOC4-JWwUt5uenGdlXkW0C5QlnZcbSSYohF5axVbkDtID0cMAr_TtbPdebwD51KZBkCOGbgYvMVr9hNYw9oRHTtiT6c1fvpOZhoaHHxmDSiXHPGBNs-_t2Jb4QBYmZiiZO3soIdkUFoJYr8cZaDv8nVLH4WB0vPnZmzcr3gN391CouRb1S3ZSwZ_nk2eIeY8m13zcz5iJFinnr-xxvfXqx9g1mVW2-98jM3rqIXoFy8zUXUgzZIuRYgiIsmb278qW6eyRoUSo3b9g6e3IQMz49ZQZO3IoUoxSxZeSfo7w3piOBdX6Fv72qV5O-juiy-qa9_01Xrk2g6Sqsrh-7Zpbbl9-amf4XvqaYRQJ3SMZtafXiRn-83g97f_ZuO7xVUiSlWyyo5IO0ImQn-B5Q6el36MunbWl8RFaVQr3Xm26hM45w_XRkRt_MhIBguYqIMYtUztlktq-Xjr-Zpqp61JexgUqJghys4B245Ie18Qka6wfBio5vtSgSgwYXM9hQwqX87RmmzgZ8UnaJ9S-bmfV-RF3nB0rzZ1Itb97WO6XlQBsob1UV0WryslQUJzI43OVMxrOde7cYzJxlzgd_dUcmYsnjbqfzsOafmj2Uv1h1okk_n4i292QrSZRtJXF6Wh7B5M84Q62cIJcS2RX7skz1tMW1ox1vv_03wXM2r94VJ23SaxVtIyOMeFXhJgun43X7Q8fVuzBkybkjrfaVQeh98qWQ9YoWtk2Juw1e9Ua3ph6QMkpQ28k1zUSyQ34mo_WrR2daQfVOSlSe0Qwg_J_bv04mklg3qO",
    "id_token": "eyJhbGciOiJSUzI1NiIsImtpZCI6IjkxNDEzY2Y0ZmEwY2I5MmEzYzNmNWEwNTQ1MDkxMzJjNDc2NjA5MzciLCJ0eXAiOiJKV1QifQ.eyJhdWQiOiIzMjU1NTk0MDU1OS5hcHBzLmdvb2dsZXVzZXJjb250ZW50LmNvbSIsImF6cCI6IjEwMDEzMDY3Mjg4MDcwNTIxMTc2NiIsImV4cCI6MTcwNDcyNTcwNSwiaWF0IjoxNzA0NzIyMTA1LCJpc3MiOiJodHRwczovL2FjY291bnRzLmdvb2dsZS5jb20iLCJzdWIiOiIxMDAxMzA2NzI4ODA3MDUyMTE3NjYifQ.bKIbSgRVJQovRqxOLzxP7xV1IRlV96kTAzVM1zCRgFEKHXigw1EpYvGi3tvELBbMp00PcGUJZhSbjWWJPCKoIOfIZj1rjxBuhON03nidAq34ZGvKer0kaZTCZCakrXV7dnvv118V22z-dKAJVsSrzXEWy2G_3iUkAuyHuHpJJiVUEwPJtclEpym3SF7ESpKw20A_oWghDdfuinW12lTo7IMGAwVYL4qXztqYKZpXBoBMfnCxYD76vVjX4mH4kzADRKab7mV3AvBCwiHrf0xf0eMdb-LC2WL4g3Dv8q4prdvW1-ISGHcDDaveNNt2FaHbv2fwjrI_oAe6qRoCuHmNSQ",
    "token_expiry": "2024-01-08T14:23:20Z"
  },
  "sentinels": {
    "config_sentinel": "/home/jupyter/.config/gcloud/config_sentinel"
  }
}
2024-01-08 13:55:05,254 INFO     ___FILE_ONLY___ 

2024-01-08 13:55:05,255 DEBUG    root            SDK update checks are disabled.
