2024-01-02 11:03:57,339 DEBUG    root            Loaded Command Group: ['gcloud', 'config']
2024-01-02 11:03:57,342 DEBUG    root            Loaded Command Group: ['gcloud', 'config', 'config_helper']
2024-01-02 11:03:57,345 DEBUG    root            Running [gcloud.config.config-helper] with arguments: [--format: "json"]
2024-01-02 11:03:57,363 DEBUG    root            Chosen display Format:default json
2024-01-02 11:03:57,363 INFO     root            Display format: "default json"
2024-01-02 11:03:57,364 INFO     ___FILE_ONLY___ {
  "configuration": {
    "active_configuration": "default",
    "properties": {
      "compute": {
        "region": "europe-west2"
      },
      "core": {
        "account": "playpen-922939-consumer-sa@playpen-922939.iam.gserviceaccount.com",
        "disable_usage_reporting": "True",
        "project": "playpen-922939"
      },
      "dataproc": {
        "region": "europe-west2"
      }
    }
  },
  "credential": {
    "access_token": "ya29.c.c0AY_VpZgdEPIB9adfppnHYiPDfHZsSVddRMi1i5VYq0Knc6ZLdjeeAUutL4Bm2Yg54onxQ3XEA8Yri8ylVRKSGDORgm91E1VO0fvH2g4loUV41Lz6tXq4lscS_vRbwy2Topkz-Eus0z8oDPfwn3GE0c9O2eBYKx9FXXhxOfE0pejdu2a4vxEUlBNUMj4wA2TqOBwRRjZYuU9_bDn-f3VG0Y7PtqiNYMYP0lrLtDD3GlnREZx-4fGh3cSTe09GWxT9NO7N2DfZLNIKyBELkxf6wPZKwZFowQdiQoKBqD2PpiXVPGy1WiMHcHX1AeFJVQdoWu2mSeB2769KxCdBFig8ftBFDDdKT54B0sn7_26wjFULfgjpkhW948lh7qVPG389CaQmWcugVOoQfnR2k-07ln8O4Zsmla4u1rxs2Sn4IUagzUuS59nw28b2x-bdkn_7zJnf2hOxxagqhb0XbxSpcnk6qunmvXrWiwMrbktVoa9zvwkBtRt8RwgSlQb-v9F6wIeu4FFszuFk6eF_zsxype5F64mbv6wY3cd4b1Fq69Up75UVzgVnZ5Jt5Jb_8vnhenliUWzr62nbbSqcf_2yiz5SMnn7ShWuXft8So7t7l6WinnOZ0lt77oeQizhMWy19oeuig2SjcyJ6MSj34x0tdqaYyUO3u9iQhraOe-fyf9RdMta05uybot6qY-9QiMhUm2Wmpw4B6lxU7Z7__Qov2QSU8k8tevQsbj0n7zfic-R6e3f6WceglIsxwsUZddfq5xeiIblJiZI46ehojIOq6pgMFzfXyYsiqxfBgbRv55iiqJYIk0Mimprw75Miy68-mwke4Z1hSrferXl23VU7og7pu1QiZqm1boRSOfcwV3ilU5l0QIbUmrpmIXslc7bnxli3Ot8tkUgow8memn2e_n8kn4khQR-YhStdgsc4ZOc3B0Fce0yJswh9f7vBbOau8Wjp61foi9OcS3w3VRSQszJuv5tz8ImOoU5XyWqZ3M1fYMaJeY05p_",
    "id_token": "eyJhbGciOiJSUzI1NiIsImtpZCI6IjQ1NmI1MmM4MWUzNmZlYWQyNTkyMzFhNjk0N2UwNDBlMDNlYTEyNjIiLCJ0eXAiOiJKV1QifQ.eyJhdWQiOiIzMjU1NTk0MDU1OS5hcHBzLmdvb2dsZXVzZXJjb250ZW50LmNvbSIsImF6cCI6IjEwMDEzMDY3Mjg4MDcwNTIxMTc2NiIsImV4cCI6MTcwNDE5NTg5NywiaWF0IjoxNzA0MTkyMjk3LCJpc3MiOiJodHRwczovL2FjY291bnRzLmdvb2dsZS5jb20iLCJzdWIiOiIxMDAxMzA2NzI4ODA3MDUyMTE3NjYifQ.yvtvTJvds1BYIyvX9FxJH8QMSb__bkisPa64nA1g7gRpgNj6eRBo-JzuHdRb6WaITGWyMUd0gzBezbfVjnUaOqSEm4l0jM96w34zRR7ULiwBzWA5VqsIxMAtR17PRHOOUAcfbMVJ0ECdBFiWtyb2_MH3LxoUq5u4V-tNKUEvu4oUr0mKL4EIbfSxR2jdKWqHkR1LwxCwc-H8xdEv6BqeJbRN-oMe6CqwmLPQ768uGZbwmm6lE9vXvyWngU5NEhLjErhB9Aujmow_VLoNB8di0djsOp6i2vQwsH_CInAcQboLTBOUgWcPbkA6uxGm75aw9l7mTrzWf8DcgfBaVTJ2Hg",
    "token_expiry": "2024-01-02T11:20:18Z"
  },
  "sentinels": {
    "config_sentinel": "/home/jupyter/.config/gcloud/config_sentinel"
  }
}
2024-01-02 11:03:57,364 INFO     ___FILE_ONLY___ 

2024-01-02 11:03:57,364 DEBUG    root            SDK update checks are disabled.
