2024-01-02 11:27:12,117 DEBUG    root            Loaded Command Group: ['gcloud', 'config']
2024-01-02 11:27:12,119 DEBUG    root            Loaded Command Group: ['gcloud', 'config', 'config_helper']
2024-01-02 11:27:12,121 DEBUG    root            Running [gcloud.config.config-helper] with arguments: [--format: "json"]
2024-01-02 11:27:12,134 DEBUG    root            Chosen display Format:default json
2024-01-02 11:27:12,135 INFO     root            Display format: "default json"
2024-01-02 11:27:12,136 INFO     ___FILE_ONLY___ {
  "configuration": {
    "active_configuration": "default",
    "properties": {
      "compute": {
        "region": "europe-west2"
      },
      "core": {
        "account": "playpen-922939-consumer-sa@playpen-922939.iam.gserviceaccount.com",
        "disable_usage_reporting": "True",
        "project": "playpen-922939"
      },
      "dataproc": {
        "region": "europe-west2"
      }
    }
  },
  "credential": {
    "access_token": "ya29.c.c0AY_VpZgrNSd44mGXKapgh91ag88iLK8mB45IYDVI4kh-kvFlW_OwuETEPL5m61Wgk3f1yc3TQ8iSQ4yyGczcqPTm-RW8jCDK4OiU2Qh8eWOALJup8kAKi9QdoyyAoI1wNaFY3AI-tp_ZsncTtF1OKp4IdeNuOPBz_2iFyDLlJ5etq2jaIu-MSB1B0IHFn8hvbCa4O7cfbOXFpOU5rWFJ-9hR7155736XDxO4-XniJaPcaVJ34r0xDa8NgVPyHTjHPwIyNrVK2j2_z5rXjSgFfxa9Zw4m69JHE54dKuoCsEgBFCwPlWqQ56gEM_GNUc8DpJPkjUNN3meAwdsHyCFAWNJEqOVXbCKiILM0LBy1O9OqLMMn4BXNoJzvpw8Tw8AG392P2z7MVxy1ZO9sfbFgdkw0mwRek_FtF-Up1jxe7usnXyO_YFar2fd3ccSJh0-sUbfqijYY_49h5Za5FcjXXfpgz_cRuiF19_aq0sy2Uh2zlhxO_Z8JOmim6am6hURReJih07vwz93SzUB3mf2UOQl1cv5vnxndYcvf2-95RBggezjFhkc499lrs_R3n0owwWa0kpQZx1jo-bZIUQW6wnjgSI10FW0kbFygnWXnVZOa1Oez5_gF5R2RyJO3toeh6V3FIjQaVp_4-tJpe83xqM08rhW9v1OBw3fYV0tZZos1ZuSgh9naU1yIBWzbB2_pjssqU8Q2r9abvijMVSf8IXp0Bs1IlSZrxaqmW01VBR3jShWS6cpwgQ9OkiBBfsfY-R89SoO5rsO-xVpbVouhbry9zlf_-42cBeYFR6cRQ1sy8Ie-ytFs6XnI6gozkXWvZl5ayasj3yUkr9uiikm0dgYcipRUs4Fng8-vJVpa5t0Om1fFlbkXpOr9ucvtstzlFQJe0iI0yBSYBJg2Ozuw4kc-zQ3YRk9UuygB5pctbi9Izhe23jp8JuMnQSoaegdp2zs-7FVfZ1UBtO7Z0d0qupx5XzSaiFXgetQ1xta95_RtWWtr3M9ypku",
    "id_token": "eyJhbGciOiJSUzI1NiIsImtpZCI6IjQ1NmI1MmM4MWUzNmZlYWQyNTkyMzFhNjk0N2UwNDBlMDNlYTEyNjIiLCJ0eXAiOiJKV1QifQ.eyJhdWQiOiIzMjU1NTk0MDU1OS5hcHBzLmdvb2dsZXVzZXJjb250ZW50LmNvbSIsImF6cCI6IjEwMDEzMDY3Mjg4MDcwNTIxMTc2NiIsImV4cCI6MTcwNDE5Nzc3OSwiaWF0IjoxNzA0MTk0MTc5LCJpc3MiOiJodHRwczovL2FjY291bnRzLmdvb2dsZS5jb20iLCJzdWIiOiIxMDAxMzA2NzI4ODA3MDUyMTE3NjYifQ.mgFiHK0wj31ZttukP2OeYoO4v4KQ_rJ_OZ8b0H5Zlm5Nm2P-kAMVD6Y4VoF7m3N0iyQxiT40T55BQJKT4MP4mFLu1lD9arBAEZEPwK2wr_3mDS-6uS06E-Gd9Dgi9fXpLmfAxPSYuHUzxNYZsb7t-X9dW7bjdpP1pLJtYjQBtx3c053KgGx2-Jtp7xmwjID3wuKJqWNSK9_jThN2-FbONemfwktz5ggf_89IgtF6iTCynjWYvrcRln8svOiVtZDh2-FqXualjFP6LuV8csvaRgD4pY1hvt8xku6i3VK-XtVST9FiYh47qm3bKImy42M3Jp9PfZpBSYUNQ7noTostlQ",
    "token_expiry": "2024-01-02T11:54:22Z"
  },
  "sentinels": {
    "config_sentinel": "/home/jupyter/.config/gcloud/config_sentinel"
  }
}
2024-01-02 11:27:12,136 INFO     ___FILE_ONLY___ 

2024-01-02 11:27:12,137 DEBUG    root            SDK update checks are disabled.
