2024-01-02 12:07:41,131 DEBUG    root            Loaded Command Group: ['gcloud', 'config']
2024-01-02 12:07:41,133 DEBUG    root            Loaded Command Group: ['gcloud', 'config', 'config_helper']
2024-01-02 12:07:41,136 DEBUG    root            Running [gcloud.config.config-helper] with arguments: [--format: "json"]
2024-01-02 12:07:41,150 DEBUG    root            Chosen display Format:default json
2024-01-02 12:07:41,151 INFO     root            Display format: "default json"
2024-01-02 12:07:41,151 INFO     ___FILE_ONLY___ {
  "configuration": {
    "active_configuration": "default",
    "properties": {
      "compute": {
        "region": "europe-west2"
      },
      "core": {
        "account": "playpen-922939-consumer-sa@playpen-922939.iam.gserviceaccount.com",
        "disable_usage_reporting": "True",
        "project": "playpen-922939"
      },
      "dataproc": {
        "region": "europe-west2"
      }
    }
  },
  "credential": {
    "access_token": "ya29.c.c0AY_VpZjZKEdwaqb4mz1mWBJQYaVQstot1IZ8zRRLm8Vll3BXEtksBJks9IeI-2GaNRaKpZV-02f0Um1z3lOsPmBQPog0aUmNnkjQPi2Co-RnYFlHyqVjaaSiqts0spZht7bi-5BV4fGwgMuovDazcIvEMckdJKhLi2DKaJtTRoKzbYh9nZ7mojsSaDAIUQXiXk0DDE08ecf_y6mNT2EfcEvpjmB8U_u0-x1_IWW-mhrHNGKk6pbSOZiym2Oilkz8VmHpYLFKoIya1phqyPLWJVkff_fIHuRa8qt3ZNiA-OZg03Ko1qMKjs7lSDCmM3VTLTCFvbcgUEIhXqHzA46uXACSuWILbpn2eEq4IPuYP5yq2Yq6uOzd88k39uBc9k8E392KOelX6aS9bOJwqeiljlmnZUI5kr8OwwQ0-8aR4crXMy59w0WRcyvQivddw-x5VVtjq6Z8pWkyjYMs53JbmgS5ldybBsijzZM-QbmlmMnrp3ZwWJUxtzvXURyuieXBe8qFM5936cQOS9w89a_Yw-23tO1O0JkQ84001e67XVrleV_21MrSXSesdaVU5vzppZhVXYwn3UUUptbRB8h7BiYSUy66I7ggiJtbdJS1nzQ2zB-75MUnf-kBxXWmo0aixwhmM5w7MBknVwxqrMqFYrz5oWt_tuqU-9OfVd95j-u1jmQ-jBsaZfJlhscevwr19ZJas7b_JdcYJhFruRjyI44rJ730ZOJF9zU0fgdMea7zambIYh3RtZBWwIn2fy-V1x2kXbf6u36RRnk28ud1XWk4BRwgQRdz8Jfw3jFklRkFekuxuzovo6tyRWJOZSS2qdBWasZlMb8J_mtx5qv36xM33nuJRkw32WsoSt-7xURtYFol4wvF4twBRukV7i6-OZkshbU1tWYpI5iaSlRnqOc8jXblZkecJu77OWoM5S0jhu3hlksUJfM6vxnq6Zh3ZMMmIV5atvJBtcsh2yub4up_p9cVgx6dY2a-fwkRWu_rSZohFyuRqiM",
    "id_token": "eyJhbGciOiJSUzI1NiIsImtpZCI6IjQ1NmI1MmM4MWUzNmZlYWQyNTkyMzFhNjk0N2UwNDBlMDNlYTEyNjIiLCJ0eXAiOiJKV1QifQ.eyJhdWQiOiIzMjU1NTk0MDU1OS5hcHBzLmdvb2dsZXVzZXJjb250ZW50LmNvbSIsImF6cCI6IjEwMDEzMDY3Mjg4MDcwNTIxMTc2NiIsImV4cCI6MTcwNDE5OTg1NSwiaWF0IjoxNzA0MTk2MjU1LCJpc3MiOiJodHRwczovL2FjY291bnRzLmdvb2dsZS5jb20iLCJzdWIiOiIxMDAxMzA2NzI4ODA3MDUyMTE3NjYifQ.Bwxgv-kukHRMPV-CKAXtsbJTfyrbg4pOPwgWG0CEhuCja4e7JSHSMDMSSLns1DZ0jtuEYe8qyij-xBgPuic-sVhz9JScVNcbcUq0bb3iM3nKENgqqbeZmKk1EBbRc3WdUq8f-cu9hffu5PGDxkTFlP56HBPBJjXqUJg_1mPMDibwnn_W-PNn6oJvwtQSBbvgwdjxCBdmtnB3PGRJHRhPltz49xbMH5rL9e2ny3Tv3wAj87qEB1Mkrzh7tEWQARSdTx4LtbNbMZ4IpPocVY9yPcjdS3-t2AX-DaESJLjuMQ9YNlR3KQAMTRbz-thf1zj7gsgUkXGJWzO-99pvAlPV6Q",
    "token_expiry": "2024-01-02T12:23:16Z"
  },
  "sentinels": {
    "config_sentinel": "/home/jupyter/.config/gcloud/config_sentinel"
  }
}
2024-01-02 12:07:41,151 INFO     ___FILE_ONLY___ 

2024-01-02 12:07:41,152 DEBUG    root            SDK update checks are disabled.
