2024-01-02 16:16:44,057 DEBUG    root            Loaded Command Group: ['gcloud', 'config']
2024-01-02 16:16:44,060 DEBUG    root            Loaded Command Group: ['gcloud', 'config', 'config_helper']
2024-01-02 16:16:44,062 DEBUG    root            Running [gcloud.config.config-helper] with arguments: [--format: "json"]
2024-01-02 16:16:44,074 DEBUG    root            Chosen display Format:default json
2024-01-02 16:16:44,074 INFO     root            Display format: "default json"
2024-01-02 16:16:44,075 INFO     ___FILE_ONLY___ {
  "configuration": {
    "active_configuration": "default",
    "properties": {
      "compute": {
        "region": "europe-west2"
      },
      "core": {
        "account": "playpen-922939-consumer-sa@playpen-922939.iam.gserviceaccount.com",
        "disable_usage_reporting": "True",
        "project": "playpen-922939"
      },
      "dataproc": {
        "region": "europe-west2"
      }
    }
  },
  "credential": {
    "access_token": "ya29.c.c0AY_VpZg2YfbxGLVWC401iBDEf7FF6ja0GT0KyUQWI0Pa8As8grByIgUEilVsgvpjtbJpJTWycJn1jSyShRhNvcwsUonRW8zp01DNqLKr6FX9SGmOX-Lb7xcaOdpJ5afRwwymQYUksrDyGsdccEAk_EPQcM2FpsQNtZVAlcWjdf4czFn_l0xkKY2ARp6vc1Qg28-8IBnyLFGDvJ2FHdSwlZURQoy_yCkr8kK8deIWkTHDfqvoVVuxX2Hr7fDC8ViNGTztWz3wOTfzsHm8KDMBgAhWFVKS-P5QEcjdhSUc79CqD8X4cJrnns35qRKo4Ui5w0XyibuOJ7b_tb4_6JeN7aGQFd2obzitBexzqWY0zyFfoHJr9zmvWiBRopFRL389PeUZYvkl3xM0fXfnwI60z-nuqvJIFujdqzfRrBJJQXcYMFaRy-dnzx9XjtoZhdytt2gluR2xzjfw-YoXZ9YV_s12uzlfV6jJyWddswlgkzVo_xSXkjZ9Wm97aov73lp_zirssm_6zhj1MQVjhfW6hvzW-FJVkz50--U_6nJrQtZXgS97VMQq53ny6grdFlQrgpzJgVxiiWBaq5xyOOVBhjxJZRYqwSfRsW-kIzb5ghj52XsU0Ws6UJSQg2bJ_y0bSnI4dSbBVnc2J5pa4M3RjvVWrMhx5ra6mfWBcWfB4OURog_SSiJw_hs_nQOFVfy9W7trZRdV_41-he1mWis-jZY1MJrnQyFuZ20u_t-eXd7l8R1nmb8hkxIvilnhot3_So46pvt0zZ4Umsgm0J3RQ3-2yv5MWSncmxOolel7mbzhQ2gY-npb7pMuaWvq9ocehhsh4UZFo36QY6w4v5obb8zS9QumiuxR60sQO8i8kJyJJah7nXB454FSsld5hMQUj1953wXvf1YJyy4Isl_a6wS7Zvq7bosxR2bY4yV5Ja0RYRYqisdZVF7x09-XxWxZbIj8x-OqgbcOr1S9pk5UgUww7syXIVj-07z5koZZxMS9hFYhffSWeOV",
    "id_token": "eyJhbGciOiJSUzI1NiIsImtpZCI6IjQ1NmI1MmM4MWUzNmZlYWQyNTkyMzFhNjk0N2UwNDBlMDNlYTEyNjIiLCJ0eXAiOiJKV1QifQ.eyJhdWQiOiIzMjU1NTk0MDU1OS5hcHBzLmdvb2dsZXVzZXJjb250ZW50LmNvbSIsImF6cCI6IjEwMDEzMDY3Mjg4MDcwNTIxMTc2NiIsImV4cCI6MTcwNDIxNDYxNywiaWF0IjoxNzA0MjExMDE3LCJpc3MiOiJodHRwczovL2FjY291bnRzLmdvb2dsZS5jb20iLCJzdWIiOiIxMDAxMzA2NzI4ODA3MDUyMTE3NjYifQ.w9f-C3S4ZPfVdsOrcF5N4yaKOGfemg4JV5zxp3wWwldB4tt9NfH1wOjfuPjTuB9xMHQSXlljzZCQ-wIpFW2luR8cFFWXeDKSADD1JL8-w7RVcLUuuTide_sqX7vC9DurvRg_eYNsiWrEtnGdE3r7sfoKAXKvVdkaCZmEeIqyERF3srYM1O47HaAzf0SndtHL0K7EB3famB3o9eJehp0SuquiuPHGKG5HtjT7jTqTWp3rbG3j7eGK8EhHmvrvIuvWkPyhLU1_q3aivsUIhITwXeVf-xtalvJueSeHovG2LaWwOWOQktrfT_tjyNDXOR81PraJCLkVUAiTxzJZwscscQ",
    "token_expiry": "2024-01-02T16:56:34Z"
  },
  "sentinels": {
    "config_sentinel": "/home/jupyter/.config/gcloud/config_sentinel"
  }
}
2024-01-02 16:16:44,075 INFO     ___FILE_ONLY___ 

2024-01-02 16:16:44,075 DEBUG    root            SDK update checks are disabled.
