2024-01-02 16:56:35,918 DEBUG    root            Loaded Command Group: ['gcloud', 'config']
2024-01-02 16:56:35,920 DEBUG    root            Loaded Command Group: ['gcloud', 'config', 'config_helper']
2024-01-02 16:56:35,923 DEBUG    root            Running [gcloud.config.config-helper] with arguments: [--format: "json"]
2024-01-02 16:56:35,936 DEBUG    root            Chosen display Format:default json
2024-01-02 16:56:35,936 INFO     root            Display format: "default json"
2024-01-02 16:56:35,937 INFO     ___FILE_ONLY___ {
  "configuration": {
    "active_configuration": "default",
    "properties": {
      "compute": {
        "region": "europe-west2"
      },
      "core": {
        "account": "playpen-922939-consumer-sa@playpen-922939.iam.gserviceaccount.com",
        "disable_usage_reporting": "True",
        "project": "playpen-922939"
      },
      "dataproc": {
        "region": "europe-west2"
      }
    }
  },
  "credential": {
    "access_token": "ya29.c.c0AY_VpZjuJukMNVFJWe0MrBH5OPo-sUl9dS0QNOE9iY76Zqf_DFTxQv3r8f_Q1334oFOZc7reNYNiHGpQnZgIjqiyGk-AoiVdW01QUsGMD-FD9Iy9DMxuZgAxZrHCdHNp5_9RvskDNWAlRAzvb6LiRP0-fKWD-5-m5XqqWxbOvZENNbZ3j8quzJkWUjaUiwhVjitGhYSmvpOaPqVsgfDIl5oU0MH4MRjEn-ZxKH3BKLXIYbqBzX5dHGRWj1-ZdOUrYsuizDYB3UXialcEcqF9pKmnz9vdB9VMjYnnAiWz1Cd6a4353ywFLWDuJ0Wn2erhq_G8OJEnpeNmg4ffb_Ah0FRFvFzmEwSYfn713i8xS6tVk4bsePZU98CNRuFaL389PWp9cgqj-tFQ497U0gB7cx-gVOgVuz9m3Z3FxQklSIgx4I1z-2Obh5eMu_dze9_ttYpkg-BsVQngUOf0aIqMR6XzbgUIB79i8ZJwzqmk9YoundM3Vgc_n1qfnxR33FWzFUe_4zJjt2gM18ap4RSnZ1mvkjc9JfQjczzpXjy-7zn_u_9bjw0qbQ20tny5pRmqynOvnBV_74QfzOgkVglU4URrVWWcVhegXyj6VlOn1jx9WgReFfppFZm3_q9QXgJj8WQdBau2d35kZBk46q9qg_QXRyJ69nJYy9Rkn6nvWm9nZXhZlj0kv0YzSrbozIBFI-c5YVB01tUkmivyoe3q0_Zm4k_p00zMnhhkVkhJXw87SmzwyUJBi0OcYzgj-X6ZR7o8id--plF1_iov8Oogg5n8r45jJzkj4hyjsIyUtqs_VRwq9vnlc-jFo_rMzYt690397u-53zoWeSFOnmmW0sgJ_yfcjohxpg88FpY4Yg5wFS1R9k-8yqnZkSopqzMg4tBzOoWc49cF0Jq1lw_otWjviQzBBgF2lv_8qsImtbadjhId4MZZsmOYqpFxdQptQuj0ZpvIO9c_F-nYvO3Jh4M89WUpfsfd55IeiukxqX-_xdyMZVBI2cS",
    "id_token": "eyJhbGciOiJSUzI1NiIsImtpZCI6IjQ1NmI1MmM4MWUzNmZlYWQyNTkyMzFhNjk0N2UwNDBlMDNlYTEyNjIiLCJ0eXAiOiJKV1QifQ.eyJhdWQiOiIzMjU1NTk0MDU1OS5hcHBzLmdvb2dsZXVzZXJjb250ZW50LmNvbSIsImF6cCI6IjEwMDEzMDY3Mjg4MDcwNTIxMTc2NiIsImV4cCI6MTcwNDIxNzk5OSwiaWF0IjoxNzA0MjE0Mzk5LCJpc3MiOiJodHRwczovL2FjY291bnRzLmdvb2dsZS5jb20iLCJzdWIiOiIxMDAxMzA2NzI4ODA3MDUyMTE3NjYifQ.FaTmSe4RvpUxDjRFs_uEYOFSImm74l8kWP0qdXP4MWEhBoYYUaPq4fDwAERZiiYgYgzeDrlKwG3AV2W4mZeJ1Rs1CfFK_0R0aqqStzddPCm20s0YkUQfXW1cOwS8NYEYmb63JPS4pVeQpI_udeWUVm67z3Uk7FqfTdAWh65I9_NcBvOyDt5yZE4FuC4LXSM5gIUWz2otBDhFYonJA_IxVX183_E0rSbpWmfWeLKFtiJN5_oOfsMqv0wuWNqYKzZytSNLYFal9XEOVophcW0UN4DY4AiXEFsVVLTsn5CdOBz9b1NjyWxtvywfzZibIEbvHsapyo2eqYfqstbtcPCQfg",
    "token_expiry": "2024-01-02T17:25:33Z"
  },
  "sentinels": {
    "config_sentinel": "/home/jupyter/.config/gcloud/config_sentinel"
  }
}
2024-01-02 16:56:35,937 INFO     ___FILE_ONLY___ 

2024-01-02 16:56:35,937 DEBUG    root            SDK update checks are disabled.
