2024-01-02 17:42:24,291 DEBUG    root            Loaded Command Group: ['gcloud', 'config']
2024-01-02 17:42:24,293 DEBUG    root            Loaded Command Group: ['gcloud', 'config', 'config_helper']
2024-01-02 17:42:24,296 DEBUG    root            Running [gcloud.config.config-helper] with arguments: [--format: "json"]
2024-01-02 17:42:24,311 DEBUG    root            Chosen display Format:default json
2024-01-02 17:42:24,312 INFO     root            Display format: "default json"
2024-01-02 17:42:24,313 INFO     ___FILE_ONLY___ {
  "configuration": {
    "active_configuration": "default",
    "properties": {
      "compute": {
        "region": "europe-west2"
      },
      "core": {
        "account": "playpen-922939-consumer-sa@playpen-922939.iam.gserviceaccount.com",
        "disable_usage_reporting": "True",
        "project": "playpen-922939"
      },
      "dataproc": {
        "region": "europe-west2"
      }
    }
  },
  "credential": {
    "access_token": "ya29.c.c0AY_VpZjKzlhWrbafNoarrjfxoiLwxOQkxOBFqqATlWNrSaMYa1Xsvafrr1TLKWl3nYsfKbce5TAp0qo7G7ZSaajWUI3osarPIZvzvtKAeCL7Cp3zfONfs1xqcYu_axGd5WJ7v8DLferkJlGbzlBR4OYLmS4cNyGUNkHul5K4xXdkBX9OuGyF8jPihBgztmIJT6aQuPuHECszb0JTvLqLRwUEK9OSFYCjFj6UjcZ3SwDk6e76BPSb7JSl_lMrDcQdqjvBtKDxmAdEGXjGER9kSaboI42cQDQg2qUVC-HuILY7NWoc5PJwXErmlyGEilhJuJjpPVrxpngFk2VsAlgGMvZUGVsSo7D1vtHXInFh-uBFKu7uBXtMYORK2nPjG389Pq9wcsj0w-WgFv8gg-rt1sxjRy0dsOrBVV3Y2Ujgfu1u-93W2ps01mVubuF4WUBn6uwbrUmmv8n1hx5aIdy63veel5Zq-nqjR8kRipWoB3anI3Sgt40zjpcqjiq-7yJl5QR_ooSfoJY_9QeB4n4oye7h253eJ3uY3V6wy_39UnVV1i8tQOO9rVoofz6ZSba55mgiS9UFU9lIIhq_Xc-FFlkaRtFq13p3pZu3scQJeMnQBVediFsdqSBhjMdzoqYhotrBkeUOsnbngVcbxsW-1ck1futShldSM-0_ydIRBSBZuBoQyRqeZl7Rl1X_Mjf_d2qpXbI8ptS8v76x3Rfzqw11olyBM_h_chcskVmj4lUUYy2xwkjSZBUO-Wlo_cOsynI6rvh6yfdxz21xmnZ8x5wkBRW1r9ivZwOnp5javqxq1xd93U2lSO8FVBbO4kJ4Ouu7oBzVdOoZo8Z-Rkjt55aesVB-RZQV-3Wfwh845XamWy35xlca6qpB0s1hsy5WrZYZayQIXVjrnv-I3Vn2sgy6nQ-O8eIhyIXbR8OZIBIt8b-48XWBethvpaw8ei7iSoacfXFvlicZViQUQmovyp7l3ho5gkSUrVd26ud4d80pf_k53MrJVas",
    "id_token": "eyJhbGciOiJSUzI1NiIsImtpZCI6IjQ1NmI1MmM4MWUzNmZlYWQyNTkyMzFhNjk0N2UwNDBlMDNlYTEyNjIiLCJ0eXAiOiJKV1QifQ.eyJhdWQiOiIzMjU1NTk0MDU1OS5hcHBzLmdvb2dsZXVzZXJjb250ZW50LmNvbSIsImF6cCI6IjEwMDEzMDY3Mjg4MDcwNTIxMTc2NiIsImV4cCI6MTcwNDIxOTg0NCwiaWF0IjoxNzA0MjE2MjQ0LCJpc3MiOiJodHRwczovL2FjY291bnRzLmdvb2dsZS5jb20iLCJzdWIiOiIxMDAxMzA2NzI4ODA3MDUyMTE3NjYifQ.QUxZNgt96DKhE9GFuIZDGhoF9vuRd_qkUPfkO6bFVW_Ybo9AD9J8xeeTNpCTK23qW60_OPA3NQg2R_DdBuBNhMTyMGsZz7ibCpkKrsUU6nKprjWzU9BpKL-LQumD3DJU5NgLXzUbG_AymobQEfBrdwPhEK7Lkzfs5-rqzDnBl6Lx-TyqoCDaL8RsAlC7vZAS9z3HbwdnKByw6IDTTc_Buv1_Bno8cFCmynyEPDzTigGcntDGHJJOEyYo6nGkN4ZyE8y3_QtJTa8BEWeOEjgqqX35Wo5BKH6Tc2g-9NBhnpN89C-6FIfbaBE0eWTswL2WMQN5DnGc7KlKQhXxdmtAEw",
    "token_expiry": "2024-01-02T18:23:42Z"
  },
  "sentinels": {
    "config_sentinel": "/home/jupyter/.config/gcloud/config_sentinel"
  }
}
2024-01-02 17:42:24,313 INFO     ___FILE_ONLY___ 

2024-01-02 17:42:24,313 DEBUG    root            SDK update checks are disabled.
