2023-12-18 12:27:17,112 DEBUG    root            Loaded Command Group: ['gcloud', 'config']
2023-12-18 12:27:17,114 DEBUG    root            Loaded Command Group: ['gcloud', 'config', 'config_helper']
2023-12-18 12:27:17,116 DEBUG    root            Running [gcloud.config.config-helper] with arguments: [--format: "json"]
2023-12-18 12:27:17,131 DEBUG    root            Chosen display Format:default json
2023-12-18 12:27:17,131 INFO     root            Display format: "default json"
2023-12-18 12:27:17,132 INFO     ___FILE_ONLY___ {
  "configuration": {
    "active_configuration": "default",
    "properties": {
      "compute": {
        "region": "europe-west2"
      },
      "core": {
        "account": "playpen-922939-consumer-sa@playpen-922939.iam.gserviceaccount.com",
        "disable_usage_reporting": "True",
        "project": "playpen-922939"
      },
      "dataproc": {
        "region": "europe-west2"
      }
    }
  },
  "credential": {
    "access_token": "ya29.c.c0AY_VpZiXxRGD_9Bkz8Yb3TQvz8h7qkl01U8_Twoj-YEuoSEpIEkAJrX3-WP9g2DrHe_FEqY5DQerxJjjUtf2nTk3XeUqrFaz_79GRUXp7D6BPDzSKDlyEurlE6y-aK1XLXNT0wGs0CnBFan0T6sJ0ji_tMIzsDZd5cAaUksaHwUvkR8QI_TckH1YRniOxhH150ECELERh_VNMvxBL_uSX0DeF8r5trQF0afSnJuzlKzIcAqOO3HQEb-O1gRtwkU1vIKQwrBtFFophDEfMYpBg5J9b8KNoPVAd-Np-aShAAXsNndOUV221Vy4JE6XVHRjEaM8aMurXNJSwzb5uIz-zRGPEey-Evzcu9IiraoCenMslkLHRjPyW5O157fvdgG391P8Zt_tup_f7jjcck-Rhnh6-a5888UXUrV2dpu0leV9pg8q06degqlYdxchZubza06Wjd2_hX8i8_UUwhMcoSlgyj92rblUs_kXMehzygyz7I1rY1ufujFyUe8FwmFb73l5MUaaO2zvV_bouRB5baXgbJMXhQx4V32upW4c9_kU04-8d-bXr-75o7_Vqvjp4ckWiUx8vyy1OkZe-1pdu-B9FyOyxc4ilORbuzd_wM8nkhbg0Ma3sl-16zeY3FF93rwF6Bzptn57OM4cMaxcqmaV78wiX8MiFrbfQwOgUmknna5Unn2Wu030-9Vsr6epBffJJe2a47dcXjRjntIp40ch1j-iI_SR-Bsm3Ora7Ui3gJWbeROoOBRBWwBYrgUlhugtunjm4m4rhsyhhv1FVY2be_kjIyp-drmz94ZZBIV61O2a1oiR1FnefBtBYj5QMpb58bORXnRdkj7S0tab9XaB5kdRluwlu6jqSSSfU8RItkuY71nY2r6xcMd2rcnZQRQnpIQOr3XzMhetao3grFIJebve9Xq6RWSfwup6xxRg3ibIObffB5Vhz-k5zdvkBg8Oe6tu2FOQbOMtkcMyq4Y_QJjz79nOhidu1j5rg6BzFmXZl941I9v",
    "id_token": "eyJhbGciOiJSUzI1NiIsImtpZCI6IjliMDI4NWMzMWJmZDhiMDQwZTAzMTU3YjE5YzRlOTYwYmRjMTBjNmYiLCJ0eXAiOiJKV1QifQ.eyJhdWQiOiIzMjU1NTk0MDU1OS5hcHBzLmdvb2dsZXVzZXJjb250ZW50LmNvbSIsImF6cCI6IjEwMDEzMDY3Mjg4MDcwNTIxMTc2NiIsImV4cCI6MTcwMjkwNTkyMSwiaWF0IjoxNzAyOTAyMzIxLCJpc3MiOiJodHRwczovL2FjY291bnRzLmdvb2dsZS5jb20iLCJzdWIiOiIxMDAxMzA2NzI4ODA3MDUyMTE3NjYifQ.BQtSR3BorZqyTEmU-Uvy3EjmhBhcZeLQb6p1h7BVJ5ycmEZRoxJV4FZDeH7bR0mt9c1EDoaD2guq7epwy4DccFeSm9I8nxg4pSUMwWTAiLtWs0ZaUdbhTzUspvfvp7pgzGe5pnQ1_VEcX35SEEUIZkSWHGFM6sYFrpLPr-i7YRYhO8uVyIczh5MXYyhKxmh_YH8OnroETMq32uI8Ni9FcaTwfhLrRfGCM2FQuba_m75F4yaiMkJ3KKAeE_xTQbRremX7p4dVe13-EjheQdCpRNq76i_6dUrfqZvjdxuBwICWmRSqDCmmdW-LfXm96nsfl4Q8TnLepduagbPJMXj3Xw",
    "token_expiry": "2023-12-18T13:23:32Z"
  },
  "sentinels": {
    "config_sentinel": "/home/jupyter/.config/gcloud/config_sentinel"
  }
}
2023-12-18 12:27:17,132 INFO     ___FILE_ONLY___ 

2023-12-18 12:27:17,132 DEBUG    root            SDK update checks are disabled.
