2023-12-13 16:50:05,266 DEBUG    root            Loaded Command Group: ['gcloud', 'config']
2023-12-13 16:50:05,268 DEBUG    root            Loaded Command Group: ['gcloud', 'config', 'config_helper']
2023-12-13 16:50:05,270 DEBUG    root            Running [gcloud.config.config-helper] with arguments: [--format: "json"]
2023-12-13 16:50:05,282 DEBUG    root            Chosen display Format:default json
2023-12-13 16:50:05,283 INFO     root            Display format: "default json"
2023-12-13 16:50:05,283 INFO     ___FILE_ONLY___ {
  "configuration": {
    "active_configuration": "default",
    "properties": {
      "compute": {
        "region": "europe-west2"
      },
      "core": {
        "account": "playpen-922939-consumer-sa@playpen-922939.iam.gserviceaccount.com",
        "disable_usage_reporting": "True",
        "project": "playpen-922939"
      },
      "dataproc": {
        "region": "europe-west2"
      }
    }
  },
  "credential": {
    "access_token": "ya29.c.c0AY_VpZi6igyN1Rk1UrxRyX4P1V6h-pbHer1YX4EktlFgSyMdnGav7ngzJdGPnlgVMnELxvuGOunchzMdGJJS5v-hVPe5Esk3JLetQUewLGqYDwpGxSnJ6LQw8yQtbMgb7qPJfTW9i5dfFZoTe-zH3R56rJOcfW8wP9fmYwrWiYb9HPJTTFYvqEjOYzoliFiDyFrywoXbLw_JvHRpDjZsmxY9TBkYimQePlJldu8TpQMRK9ZJPOWwEh3c1xng1qNDqjw9lIbWEg1SXy4McsOZpa_Yv2GtRyYz8aqbiXhIEVeqE7P9NyGeDz88pzbBwOiPZXcnI4NLcyyPCbn_kIZFT96kzsmETGc29SCKVJvp_g-YBdfAi2TCatZRZ5eInQT391DJoqqVzq4dfZdhnzFY_Ubcnxkdoz40Ytre5inlVm7IulrybO7R-6Sd74rXx5O8cw8U7lFZ1iz0ZX0B8XxpvzJzuio00Ykn9kyJ-JjyU9Ql5lkQybz7Fc6JWnS3au0t628a4c-mh_s3_MJ2ZZsBlyuWQVXnl3FrcQYWFI7Ydfy21tXnBc-cq_Vw84tQ7aMMJiJIMOn5fXx6Qe-bedtYvWJa7Jo0s3IrX8X12cSso8_WijafWehY8loRW7VoFvrowM0YlyivyIIjSpkxvqM8b3ygvtbzjgFhBIkluuc3vqzVBasp51uF57XR9BmFIlnXWMIB9Os7odjmBt3U4q--2ixwi44yOkoxbQF53VO2j79ZkpJWvvuupquS_QYmxFIpfq1RqcVcWXvnU21uswdZ5c53t_rS9gbIwMrxUterwY81roM0s03oVakOJmhgrQ9_JxZUugzUs-ivWeSwaZqXzgjzmWuWoUdz6tY_ex5z_hZI0mj-ndJcZFpig4fOO2icMdWFgFQzm69rImQZwJJWVV3Sm_1hO4WSh7cwQUZs5juV2QxJpovZj3d_5y6RrqyO-16zwx-fMqeXVsrxy3FJBkIoI8OwR15B_eUiv3MUxXhQVMwgsZ1O3bk",
    "id_token": "eyJhbGciOiJSUzI1NiIsImtpZCI6IjBhZDFmZWM3ODUwNGY0NDdiYWU2NWJjZjVhZmFlZGI2NWVlYzllODEiLCJ0eXAiOiJKV1QifQ.eyJhdWQiOiIzMjU1NTk0MDU1OS5hcHBzLmdvb2dsZXVzZXJjb250ZW50LmNvbSIsImF6cCI6IjEwMDEzMDY3Mjg4MDcwNTIxMTc2NiIsImV4cCI6MTcwMjQ4NzQ3OSwiaWF0IjoxNzAyNDgzODc5LCJpc3MiOiJodHRwczovL2FjY291bnRzLmdvb2dsZS5jb20iLCJzdWIiOiIxMDAxMzA2NzI4ODA3MDUyMTE3NjYifQ.ZqfY3ARn7qQOWWRAiPwup2rU1q7phRUQQUc5WPLooWXUofMMJV1HecwdRyCsfRT0Ab8X8gsNHdopN-80k4O5wllIalkllAtanKRbTAhnOj-_X4Xt1y71Bsec6A1oUg0BDErV9YYVsMUWi4_p7n4ZYvRJNi6Gmx8v1Pu2I26Q8ao264yChL-U3ZDwTOLkc0RTv7kzfCVvX2QbpuYCaM4e2cNAYuspulFCq-21A26jcvvIVg0Y9psGsiuS1uC-ZfToBfaBbys9xGqjjvZ0X_f6eNGEvky7-3HSgq6w3LVWXc5xJrALOgAN89sB3c1w2WNgNfJnCM5he_-WHLrq34mpgQ",
    "token_expiry": "2023-12-13T17:10:58Z"
  },
  "sentinels": {
    "config_sentinel": "/home/jupyter/.config/gcloud/config_sentinel"
  }
}
2023-12-13 16:50:05,283 INFO     ___FILE_ONLY___ 

2023-12-13 16:50:05,284 DEBUG    root            SDK update checks are disabled.
