2024-01-09 09:48:46,233 DEBUG    root            Loaded Command Group: ['gcloud', 'config']
2024-01-09 09:48:46,235 DEBUG    root            Loaded Command Group: ['gcloud', 'config', 'config_helper']
2024-01-09 09:48:46,237 DEBUG    root            Running [gcloud.config.config-helper] with arguments: [--format: "json"]
2024-01-09 09:48:46,251 DEBUG    root            Chosen display Format:default json
2024-01-09 09:48:46,251 INFO     root            Display format: "default json"
2024-01-09 09:48:46,252 INFO     ___FILE_ONLY___ {
  "configuration": {
    "active_configuration": "default",
    "properties": {
      "compute": {
        "region": "europe-west2"
      },
      "core": {
        "account": "playpen-922939-consumer-sa@playpen-922939.iam.gserviceaccount.com",
        "disable_usage_reporting": "True",
        "project": "playpen-922939"
      },
      "dataproc": {
        "region": "europe-west2"
      }
    }
  },
  "credential": {
    "access_token": "ya29.c.c0AY_VpZijRbogu9EC60R9jUAxaPaijfkc2eZwjvGwIoO0jIXtHFzwxQIPcf-rhRu3htT50zgfq3KQZxqAcFnlyr-qOiYSIJiIRjT9ybqCXs5sWbQ5G5FgRShpiMkVzhrx2bR_OoeE8D5rkKh7UU3ihLGW_Ortjj1bjC0pAr3F-KPc0L6QOr3xBqhbfdtuq6sm74_FwZQkp-q5uQx5GhCyMDyAA7skJvNQJPmpcMOijv5JRQbBJZ-vx4oL934F3TbQam_0YXASmTZjMQJoH4PwjwEwzdsksR6yLvWc0VOpRdpBF6RszA1iEgnBsJAHvecXn4AeBxFlzkVAZOCg0v21M9YKlcTqfECWLHTCHU4p65rxSYA2BQaVjvDT45lYqwG391D-J3WsddxeIVZ18e3fQRikIohMar12kS7V_Z-M5iwkJaxqR-88p5cv4ZyFjnkorO5i6OZj1In8qFzz2VhQ88b1vygyuIOVcmOqV87Q6kF42fsOzjWc3otwnJ_MIUMQwfwJdUVaMkoJXmJtWBhryVi5SVdRqbFvYlFhfrOQ6v06XFexw91jiVf0trBcl0gMZvx6crk7nu7BX3eWhwIyOpsBaXXOV2sbxMO0jvBqcRQrzYQqikWWvwYFJ94eR1llsB3z9QUssctab7MaVZ759Vl0c8iXOSIVJS2BfvvOo2ibWnzs0Itvw_laFeu-s9yl0bl_l7m-lv_Ie_Qo2XJk0-dQ6jb3r6ojqYR0iO_YM2h9W8U0jVmOkgpngbOaf37Iixfrv2S_uphtgYoclnQJ4kXSttytqJWnjR82uYruk2m-BvUm8Rlkv1Z89zx3VMczF99QXzSROBpe56VSOzrzOB7WvcztaQ752l01MdVkqXyfjBwfUuno6U8iw1VW56I0ozvd0893rd3raJrySwwsa-dFmUy8rQFh5kc0gc4Q87q202hikVhX9Q8WUJ5xs1vWcOYZzev3JFneyzZnbJ22osefn0OqwjJkihSW2Y9J-_BnZpemqJsabim",
    "id_token": "eyJhbGciOiJSUzI1NiIsImtpZCI6IjkxNDEzY2Y0ZmEwY2I5MmEzYzNmNWEwNTQ1MDkxMzJjNDc2NjA5MzciLCJ0eXAiOiJKV1QifQ.eyJhdWQiOiIzMjU1NTk0MDU1OS5hcHBzLmdvb2dsZXVzZXJjb250ZW50LmNvbSIsImF6cCI6IjEwMDEzMDY3Mjg4MDcwNTIxMTc2NiIsImV4cCI6MTcwNDc5NjI4MywiaWF0IjoxNzA0NzkyNjgzLCJpc3MiOiJodHRwczovL2FjY291bnRzLmdvb2dsZS5jb20iLCJzdWIiOiIxMDAxMzA2NzI4ODA3MDUyMTE3NjYifQ.UnN-i4mD9m8TBVKmplPRvCeB1zKj1IBpgMdw4SR0_cPwdJh9Vu4Gzf-aEMB-spXREOXdIj5VyEfDtOM1BH0KisI_zsWQVocP6NNiekYH9PyfjnxUC05tp6FWvq_1LaAZ2IBTf__Rj91DBdOeEhZ2yFbDd3VKXn7D58iSpWZvcRsKhtjdFOjWSmwPWQd92eAMR8oo77wrYWzwajOApqkZPt3XBLedmDnWETcbnpSc7nurKD90ik6CEe90fdS3jxK0r5lUclu0GLjPGtACkSG95ekqLJmxjzd8wLOpDdOMICphUJbP8T4M2lPqc6y8MODHzYSgYpFRymhFKnjZOylZ-Q",
    "token_expiry": "2024-01-09T10:31:01Z"
  },
  "sentinels": {
    "config_sentinel": "/home/jupyter/.config/gcloud/config_sentinel"
  }
}
2024-01-09 09:48:46,252 INFO     ___FILE_ONLY___ 

2024-01-09 09:48:46,252 DEBUG    root            SDK update checks are disabled.
